<?xml version="1.0" encoding="UTF-8"?>
<testsuite xmlns:xsi="http://www.w3.org/2001/XMLSchema-instance" xsi:noNamespaceSchemaLocation="https://maven.apache.org/surefire/maven-surefire-plugin/xsd/surefire-test-report.xsd" name="edu.tus.library.controller.LibraryControllerMockMvcTest" time="2.72" tests="5" errors="0" skipped="0" failures="0">
  <properties>
[...]
</properties>
  <testcase name="updateBookTest" classname="edu.tus.library.controller.LibraryControllerMockMvcTest" time="0.131"/>
  <testcase name="addBookControllerTest" classname="edu.tus.library.controller.LibraryControllerMockMvcTest" time="0.03"/>
  <testcase name="deleteBookExceptionControllerTest" classname="edu.tus.library.controller.LibraryControllerMockMvcTest" time="0.009"/>
  <testcase name="getBookByAuthorTest" classname="edu.tus.library.controller.LibraryControllerMockMvcTest" time="0.012"/>
  <testcase name="deleteBookOKControllerTest" classname="edu.tus.library.controller.LibraryControllerMockMvcTest" time="0.005"/>
</testsuite>